<?xml version="1.0" encoding="UTF-8"?>
<testng-results ignored="0" total="1" passed="1" failed="0" skipped="0">
  <reporter-output>
    <line>
      <![CDATA[iam in vtiger home page]]>
    </line>
  </reporter-output>
  <suite started-at="2025-01-10T18:21:40 IST" name="Default suite" finished-at="2025-01-10T18:22:07 IST" duration-ms="27790">
    <groups>
    </groups>
    <test started-at="2025-01-10T18:21:40 IST" name="Default test" finished-at="2025-01-10T18:22:07 IST" duration-ms="27790">
      <class name="TestCase.OraganizationTestCase">
        <test-method is-config="true" signature="precondition()[pri:0, instance:TestCase.OraganizationTestCase@4a003cbe]" started-at="2025-01-10T18:21:40 IST" name="precondition" finished-at="2025-01-10T18:21:42 IST" duration-ms="2549" status="PASS">
          <reporter-output>
          </reporter-output>
        </test-method> <!-- precondition -->
        <test-method is-config="true" signature="logIn()[pri:0, instance:TestCase.OraganizationTestCase@4a003cbe]" started-at="2025-01-10T18:21:42 IST" name="logIn" finished-at="2025-01-10T18:21:44 IST" duration-ms="1770" status="PASS">
          <reporter-output>
          </reporter-output>
        </test-method> <!-- logIn -->
        <test-method signature="testCase1()[pri:0, instance:TestCase.OraganizationTestCase@4a003cbe]" started-at="2025-01-10T18:21:44 IST" name="testCase1" finished-at="2025-01-10T18:22:06 IST" duration-ms="21736" status="PASS">
          <reporter-output>
            <line>
              <![CDATA[iam in vtiger home page]]>
            </line>
          </reporter-output>
        </test-method> <!-- testCase1 -->
        <test-method is-config="true" signature="logOut()[pri:0, instance:TestCase.OraganizationTestCase@4a003cbe]" started-at="2025-01-10T18:22:06 IST" name="logOut" finished-at="2025-01-10T18:22:07 IST" duration-ms="1497" status="PASS">
          <reporter-output>
          </reporter-output>
        </test-method> <!-- logOut -->
        <test-method is-config="true" signature="postCondition()[pri:0, instance:TestCase.OraganizationTestCase@4a003cbe]" started-at="2025-01-10T18:22:07 IST" name="postCondition" finished-at="2025-01-10T18:22:07 IST" duration-ms="191" status="PASS">
          <reporter-output>
          </reporter-output>
        </test-method> <!-- postCondition -->
      </class> <!-- TestCase.OraganizationTestCase -->
    </test> <!-- Default test -->
  </suite> <!-- Default suite -->
</testng-results>
